14:49:30.595 [pool-1-thread-2] INFO  o.a.AndroidAnnotationProcessor:84 - Initialize AndroidAnnotations 3.2 with options {}
14:49:30.651 [pool-1-thread-2] INFO  o.a.AndroidAnnotationProcessor:108 - Start processing for 3 annotations on 10 elements
14:49:30.655 [pool-1-thread-2] DEBUG o.a.h.AndroidManifestFinder:137 - AndroidManifest.xml file found in parent folder F:\workSpace\qmboss2\NjcitLeaveApplication: F:\workSpace\qmboss2\NjcitLeaveApplication\AndroidManifest.xml
14:49:30.658 [pool-1-thread-2] INFO  o.a.AndroidAnnotationProcessor:171 - AndroidManifest.xml found: AndroidManifest [applicationPackage=cn.njcit, componentQualifiedNames=[cn.njcit.view.MainActivity_], permissionQualifiedNames=[android.permission.INTERNET], applicationClassName=null, libraryProject=false, debugabble=false, minSdkVersion=-1, maxSdkVersion=-1, targetSdkVersion=-1]
14:49:30.658 [pool-1-thread-2] INFO  o.a.r.ProjectRClassFinder:50 - Found project R class: cn.njcit.R
14:49:30.661 [pool-1-thread-2] INFO  o.a.r.AndroidRClassFinder:44 - Found Android class: android.R
14:49:30.679 [pool-1-thread-2] INFO  o.a.p.ModelValidator:42 - Validating elements
14:49:30.679 [pool-1-thread-2] DEBUG o.a.p.ModelValidator:62 - Validating with EActivityHandler: [cn.njcit.view.MainActivity]
14:49:30.682 [pool-1-thread-2] DEBUG o.a.p.ModelValidator:62 - Validating with ViewByIdHandler: [mUserNo, mPassword, mRole, mLogin]
14:49:30.686 [pool-1-thread-2] DEBUG o.a.p.ModelValidator:62 - Validating with ClickHandler: [loginBtClick()]
14:49:30.694 [pool-1-thread-2] INFO  o.a.p.ModelProcessor:69 - Processing root elements
14:49:30.694 [pool-1-thread-2] DEBUG o.a.p.ModelProcessor:160 - Processing root elements EActivityHandler: [cn.njcit.view.MainActivity]
14:49:30.714 [pool-1-thread-2] INFO  o.a.p.ModelProcessor:77 - Processing enclosed elements
14:49:30.717 [pool-1-thread-2] INFO  o.a.AndroidAnnotationProcessor:250 - Number of files generated by AndroidAnnotations: 1
14:49:30.718 [pool-1-thread-2] INFO  o.a.g.ApiCodeGenerator:52 - Writting following API classes in project: []
14:49:30.719 [pool-1-thread-2] DEBUG o.a.g.SourceCodewriter:55 - Generating class: cn.njcit.view.MainActivity_
14:49:30.731 [pool-1-thread-2] INFO  o.a.p.TimeStats:81 - Time measurements: [Whole Processing = 80 ms], [Process Annotations = 29 ms], [Find R Classes = 15 ms], [Generate Sources = 14 ms], [Validate Annotations = 9 ms], [Extract Annotations = 3 ms], [Extract Manifest = 3 ms], 
14:49:30.731 [pool-1-thread-2] INFO  o.a.AndroidAnnotationProcessor:122 - Finish processing
15:10:58.320 [pool-1-thread-2] INFO  o.a.AndroidAnnotationProcessor:84 - Initialize AndroidAnnotations 3.2 with options {}
15:10:58.377 [pool-1-thread-2] INFO  o.a.AndroidAnnotationProcessor:108 - Start processing for 3 annotations on 1 elements
15:10:58.380 [pool-1-thread-2] DEBUG o.a.h.AndroidManifestFinder:137 - AndroidManifest.xml file found in parent folder F:\workSpace\qmboss2\NjcitLeaveApplication: F:\workSpace\qmboss2\NjcitLeaveApplication\AndroidManifest.xml
15:10:58.383 [pool-1-thread-2] INFO  o.a.AndroidAnnotationProcessor:171 - AndroidManifest.xml found: AndroidManifest [applicationPackage=cn.njcit, componentQualifiedNames=[cn.njcit.view.MainActivity_], permissionQualifiedNames=[android.permission.INTERNET], applicationClassName=null, libraryProject=false, debugabble=false, minSdkVersion=-1, maxSdkVersion=-1, targetSdkVersion=-1]
15:10:58.383 [pool-1-thread-2] INFO  o.a.r.ProjectRClassFinder:50 - Found project R class: cn.njcit.R
15:10:58.387 [pool-1-thread-2] INFO  o.a.r.AndroidRClassFinder:44 - Found Android class: android.R
15:10:58.409 [pool-1-thread-2] INFO  o.a.p.ModelValidator:42 - Validating elements
15:10:58.410 [pool-1-thread-2] DEBUG o.a.p.ModelValidator:62 - Validating with EActivityHandler: [cn.njcit.view.MainActivity]
15:10:58.412 [pool-1-thread-2] DEBUG o.a.p.ModelValidator:62 - Validating with ViewByIdHandler: [mUserNo, mPassword, mRole, mLogin]
15:10:58.416 [pool-1-thread-2] DEBUG o.a.p.ModelValidator:62 - Validating with ClickHandler: [loginBtClick()]
15:10:58.423 [pool-1-thread-2] INFO  o.a.p.ModelProcessor:69 - Processing root elements
15:10:58.424 [pool-1-thread-2] DEBUG o.a.p.ModelProcessor:160 - Processing root elements EActivityHandler: [cn.njcit.view.MainActivity]
15:10:58.443 [pool-1-thread-2] INFO  o.a.p.ModelProcessor:77 - Processing enclosed elements
15:10:58.445 [pool-1-thread-2] INFO  o.a.AndroidAnnotationProcessor:250 - Number of files generated by AndroidAnnotations: 1
15:10:58.447 [pool-1-thread-2] INFO  o.a.g.ApiCodeGenerator:52 - Writting following API classes in project: []
15:10:58.448 [pool-1-thread-2] DEBUG o.a.g.SourceCodewriter:55 - Generating class: cn.njcit.view.MainActivity_
15:10:58.459 [pool-1-thread-2] INFO  o.a.p.TimeStats:81 - Time measurements: [Whole Processing = 82 ms], [Process Annotations = 27 ms], [Find R Classes = 20 ms], [Generate Sources = 14 ms], [Validate Annotations = 9 ms], [Extract Manifest = 4 ms], [Extract Annotations = 2 ms], 
15:10:58.459 [pool-1-thread-2] INFO  o.a.AndroidAnnotationProcessor:122 - Finish processing
