21:12:58.816 [pool-1-thread-2] INFO  o.a.AndroidAnnotationProcessor:84 - Initialize AndroidAnnotations 3.2 with options {}
21:12:59.313 [pool-1-thread-2] INFO  o.a.AndroidAnnotationProcessor:108 - Start processing for 4 annotations on 2 elements
21:12:59.329 [pool-1-thread-2] DEBUG o.a.h.AndroidManifestFinder:137 - AndroidManifest.xml file found in parent folder /Users/yk/projects/NjcitLeaveApplication: /Users/yk/projects/NjcitLeaveApplication/AndroidManifest.xml
21:12:59.352 [pool-1-thread-2] INFO  o.a.AndroidAnnotationProcessor:171 - AndroidManifest.xml found: AndroidManifest [applicationPackage=cn.njcit, componentQualifiedNames=[cn.njcit.view.LoginActivity_, cn.njcit.view.MainActivity_], permissionQualifiedNames=[android.permission.INTERNET], applicationClassName=null, libraryProject=false, debugabble=false, minSdkVersion=11, maxSdkVersion=-1, targetSdkVersion=-1]
21:12:59.354 [pool-1-thread-2] INFO  o.a.r.ProjectRClassFinder:50 - Found project R class: cn.njcit.R
21:12:59.364 [pool-1-thread-2] INFO  o.a.r.AndroidRClassFinder:44 - Found Android class: android.R
21:12:59.478 [pool-1-thread-2] INFO  o.a.p.ModelValidator:42 - Validating elements
21:12:59.478 [pool-1-thread-2] DEBUG o.a.p.ModelValidator:62 - Validating with EFragmentHandler: [cn.njcit.view.fragements.FragmentAddLeaveTab]
21:12:59.498 [pool-1-thread-2] DEBUG o.a.p.ModelValidator:62 - Validating with ViewByIdHandler: [courseLeaveRB, dayLeaveRB, courseLeaveTL, dayLeaveTL, addLeaveBt, studentNoteEt, studentMobileEt, courseIndexEt, courseNameEt, teacherNameEt, leaveStartDateEt, leaveEndDateEt]
21:12:59.525 [pool-1-thread-2] DEBUG o.a.p.ModelValidator:62 - Validating with ClickHandler: [addLeaveItem()]
21:12:59.530 [pool-1-thread-2] DEBUG o.a.p.ModelValidator:62 - Validating with CheckedChangeHandler: [courseLeaveRBChanged(android.widget.CompoundButton,boolean), dayLeaveRBChanged(android.widget.CompoundButton,boolean)]
21:12:59.570 [pool-1-thread-2] INFO  o.a.p.ModelProcessor:69 - Processing root elements
21:12:59.571 [pool-1-thread-2] DEBUG o.a.p.ModelProcessor:160 - Processing root elements EFragmentHandler: [cn.njcit.view.fragements.FragmentAddLeaveTab]
21:12:59.628 [pool-1-thread-2] INFO  o.a.p.ModelProcessor:77 - Processing enclosed elements
21:12:59.640 [pool-1-thread-2] INFO  o.a.AndroidAnnotationProcessor:250 - Number of files generated by AndroidAnnotations: 1
21:12:59.644 [pool-1-thread-2] INFO  o.a.g.ApiCodeGenerator:52 - Writting following API classes in project: []
21:12:59.653 [pool-1-thread-2] DEBUG o.a.g.SourceCodewriter:55 - Generating class: cn.njcit.view.fragements.FragmentAddLeaveTab_
21:12:59.814 [pool-1-thread-2] INFO  o.a.p.TimeStats:81 - Time measurements: [Whole Processing = 501 ms], [Generate Sources = 175 ms], [Find R Classes = 100 ms], [Process Annotations = 89 ms], [Validate Annotations = 73 ms], [Extract Manifest = 25 ms], [Extract Annotations = 8 ms], 
21:12:59.815 [pool-1-thread-2] INFO  o.a.AndroidAnnotationProcessor:122 - Finish processing
21:15:23.116 [pool-1-thread-2] INFO  o.a.AndroidAnnotationProcessor:84 - Initialize AndroidAnnotations 3.2 with options {}
21:15:23.388 [pool-1-thread-2] INFO  o.a.AndroidAnnotationProcessor:108 - Start processing for 4 annotations on 1 elements
21:15:23.397 [pool-1-thread-2] DEBUG o.a.h.AndroidManifestFinder:137 - AndroidManifest.xml file found in parent folder /Users/yk/projects/NjcitLeaveApplication: /Users/yk/projects/NjcitLeaveApplication/AndroidManifest.xml
21:15:23.414 [pool-1-thread-2] INFO  o.a.AndroidAnnotationProcessor:171 - AndroidManifest.xml found: AndroidManifest [applicationPackage=cn.njcit, componentQualifiedNames=[cn.njcit.view.LoginActivity_, cn.njcit.view.MainActivity_], permissionQualifiedNames=[android.permission.INTERNET], applicationClassName=null, libraryProject=false, debugabble=false, minSdkVersion=11, maxSdkVersion=-1, targetSdkVersion=-1]
21:15:23.416 [pool-1-thread-2] INFO  o.a.r.ProjectRClassFinder:50 - Found project R class: cn.njcit.R
21:15:23.427 [pool-1-thread-2] INFO  o.a.r.AndroidRClassFinder:44 - Found Android class: android.R
21:15:23.520 [pool-1-thread-2] INFO  o.a.p.ModelValidator:42 - Validating elements
21:15:23.521 [pool-1-thread-2] DEBUG o.a.p.ModelValidator:62 - Validating with EFragmentHandler: [cn.njcit.view.fragements.FragmentAddLeaveTab]
21:15:23.538 [pool-1-thread-2] DEBUG o.a.p.ModelValidator:62 - Validating with ViewByIdHandler: [courseLeaveRB, dayLeaveRB, courseLeaveTL, dayLeaveTL, addLeaveBt, studentNoteEt, studentMobileEt, courseIndexEt, courseNameEt, teacherNameEt, leaveStartDateEt, leaveEndDateEt]
21:15:23.561 [pool-1-thread-2] DEBUG o.a.p.ModelValidator:62 - Validating with ClickHandler: [addLeaveItem()]
21:15:23.569 [pool-1-thread-2] DEBUG o.a.p.ModelValidator:62 - Validating with CheckedChangeHandler: [courseLeaveRBChanged(android.widget.CompoundButton,boolean), dayLeaveRBChanged(android.widget.CompoundButton,boolean)]
21:15:23.706 [pool-1-thread-2] INFO  o.a.p.ModelProcessor:69 - Processing root elements
21:15:23.708 [pool-1-thread-2] DEBUG o.a.p.ModelProcessor:160 - Processing root elements EFragmentHandler: [cn.njcit.view.fragements.FragmentAddLeaveTab]
21:15:23.868 [pool-1-thread-2] INFO  o.a.p.ModelProcessor:77 - Processing enclosed elements
21:15:23.885 [pool-1-thread-2] INFO  o.a.AndroidAnnotationProcessor:250 - Number of files generated by AndroidAnnotations: 1
21:15:23.890 [pool-1-thread-2] INFO  o.a.g.ApiCodeGenerator:52 - Writting following API classes in project: []
21:15:23.895 [pool-1-thread-2] DEBUG o.a.g.SourceCodewriter:55 - Generating class: cn.njcit.view.fragements.FragmentAddLeaveTab_
21:15:23.967 [pool-1-thread-2] INFO  o.a.p.TimeStats:81 - Time measurements: [Whole Processing = 579 ms], [Process Annotations = 246 ms], [Validate Annotations = 124 ms], [Generate Sources = 83 ms], [Find R Classes = 76 ms], [Extract Manifest = 19 ms], [Extract Annotations = 6 ms], 
21:15:23.967 [pool-1-thread-2] INFO  o.a.AndroidAnnotationProcessor:122 - Finish processing
21:17:02.26 [pool-1-thread-2] INFO  o.a.AndroidAnnotationProcessor:84 - Initialize AndroidAnnotations 3.2 with options {}
21:17:02.800 [pool-1-thread-2] INFO  o.a.AndroidAnnotationProcessor:108 - Start processing for 4 annotations on 1 elements
21:17:02.859 [pool-1-thread-2] DEBUG o.a.h.AndroidManifestFinder:137 - AndroidManifest.xml file found in parent folder /Users/yk/projects/NjcitLeaveApplication: /Users/yk/projects/NjcitLeaveApplication/AndroidManifest.xml
21:17:02.886 [pool-1-thread-2] INFO  o.a.AndroidAnnotationProcessor:171 - AndroidManifest.xml found: AndroidManifest [applicationPackage=cn.njcit, componentQualifiedNames=[cn.njcit.view.LoginActivity_, cn.njcit.view.MainActivity_], permissionQualifiedNames=[android.permission.INTERNET], applicationClassName=null, libraryProject=false, debugabble=false, minSdkVersion=11, maxSdkVersion=-1, targetSdkVersion=-1]
21:17:02.888 [pool-1-thread-2] INFO  o.a.r.ProjectRClassFinder:50 - Found project R class: cn.njcit.R
21:17:02.938 [pool-1-thread-2] INFO  o.a.r.AndroidRClassFinder:44 - Found Android class: android.R
21:17:03.123 [pool-1-thread-2] INFO  o.a.p.ModelValidator:42 - Validating elements
21:17:03.124 [pool-1-thread-2] DEBUG o.a.p.ModelValidator:62 - Validating with EFragmentHandler: [cn.njcit.view.fragements.FragmentAddLeaveTab]
21:17:03.162 [pool-1-thread-2] DEBUG o.a.p.ModelValidator:62 - Validating with ViewByIdHandler: [courseLeaveRB, dayLeaveRB, courseLeaveTL, dayLeaveTL, addLeaveBt, studentNoteEt, studentMobileEt, courseIndexEt, courseNameEt, teacherNameEt, leaveStartDateEt, leaveEndDateEt]
21:17:03.186 [pool-1-thread-2] DEBUG o.a.p.ModelValidator:62 - Validating with ClickHandler: [addLeaveItem()]
21:17:03.196 [pool-1-thread-2] DEBUG o.a.p.ModelValidator:62 - Validating with CheckedChangeHandler: [courseLeaveRBChanged(android.widget.CompoundButton,boolean), dayLeaveRBChanged(android.widget.CompoundButton,boolean)]
21:17:03.237 [pool-1-thread-2] INFO  o.a.p.ModelProcessor:69 - Processing root elements
21:17:03.238 [pool-1-thread-2] DEBUG o.a.p.ModelProcessor:160 - Processing root elements EFragmentHandler: [cn.njcit.view.fragements.FragmentAddLeaveTab]
21:17:03.305 [pool-1-thread-2] INFO  o.a.p.ModelProcessor:77 - Processing enclosed elements
21:17:03.320 [pool-1-thread-2] INFO  o.a.AndroidAnnotationProcessor:250 - Number of files generated by AndroidAnnotations: 1
21:17:03.325 [pool-1-thread-2] INFO  o.a.g.ApiCodeGenerator:52 - Writting following API classes in project: []
21:17:03.329 [pool-1-thread-2] DEBUG o.a.g.SourceCodewriter:55 - Generating class: cn.njcit.view.fragements.FragmentAddLeaveTab_
21:17:03.419 [pool-1-thread-2] INFO  o.a.p.TimeStats:81 - Time measurements: [Whole Processing = 620 ms], [Find R Classes = 205 ms], [Process Annotations = 103 ms], [Generate Sources = 100 ms], [Validate Annotations = 95 ms], [Extract Annotations = 50 ms], [Extract Manifest = 33 ms], 
21:17:03.420 [pool-1-thread-2] INFO  o.a.AndroidAnnotationProcessor:122 - Finish processing
21:29:03.843 [pool-1-thread-2] INFO  o.a.AndroidAnnotationProcessor:84 - Initialize AndroidAnnotations 3.2 with options {}
21:29:04.36 [pool-1-thread-2] INFO  o.a.AndroidAnnotationProcessor:108 - Start processing for 4 annotations on 3 elements
21:29:04.47 [pool-1-thread-2] DEBUG o.a.h.AndroidManifestFinder:137 - AndroidManifest.xml file found in parent folder /Users/yk/projects/NjcitLeaveApplication: /Users/yk/projects/NjcitLeaveApplication/AndroidManifest.xml
21:29:04.71 [pool-1-thread-2] INFO  o.a.AndroidAnnotationProcessor:171 - AndroidManifest.xml found: AndroidManifest [applicationPackage=cn.njcit, componentQualifiedNames=[cn.njcit.view.LoginActivity_, cn.njcit.view.MainActivity_], permissionQualifiedNames=[android.permission.INTERNET], applicationClassName=null, libraryProject=false, debugabble=false, minSdkVersion=11, maxSdkVersion=-1, targetSdkVersion=-1]
21:29:04.72 [pool-1-thread-2] INFO  o.a.r.ProjectRClassFinder:50 - Found project R class: cn.njcit.R
21:29:04.83 [pool-1-thread-2] INFO  o.a.r.AndroidRClassFinder:44 - Found Android class: android.R
21:29:04.145 [pool-1-thread-2] INFO  o.a.p.ModelValidator:42 - Validating elements
21:29:04.147 [pool-1-thread-2] DEBUG o.a.p.ModelValidator:62 - Validating with EFragmentHandler: [cn.njcit.view.fragements.FragmentAddLeaveTab]
21:29:04.160 [pool-1-thread-2] DEBUG o.a.p.ModelValidator:62 - Validating with ViewByIdHandler: [courseLeaveRB, dayLeaveRB, courseLeaveTL, dayLeaveTL, addLeaveBt, studentNoteEt, studentMobileEt, courseIndexEt, courseNameEt, teacherNameEt, leaveStartDateEt, leaveEndDateEt]
21:29:04.179 [pool-1-thread-2] DEBUG o.a.p.ModelValidator:62 - Validating with ClickHandler: [addLeaveItem()]
21:29:04.184 [pool-1-thread-2] DEBUG o.a.p.ModelValidator:62 - Validating with CheckedChangeHandler: [courseLeaveRBChanged(android.widget.CompoundButton,boolean), dayLeaveRBChanged(android.widget.CompoundButton,boolean)]
21:29:04.217 [pool-1-thread-2] INFO  o.a.p.ModelProcessor:69 - Processing root elements
21:29:04.217 [pool-1-thread-2] DEBUG o.a.p.ModelProcessor:160 - Processing root elements EFragmentHandler: [cn.njcit.view.fragements.FragmentAddLeaveTab]
21:29:04.260 [pool-1-thread-2] INFO  o.a.p.ModelProcessor:77 - Processing enclosed elements
21:29:04.270 [pool-1-thread-2] INFO  o.a.AndroidAnnotationProcessor:250 - Number of files generated by AndroidAnnotations: 1
21:29:04.274 [pool-1-thread-2] INFO  o.a.g.ApiCodeGenerator:52 - Writting following API classes in project: []
21:29:04.277 [pool-1-thread-2] DEBUG o.a.g.SourceCodewriter:55 - Generating class: cn.njcit.view.fragements.FragmentAddLeaveTab_
21:29:04.330 [pool-1-thread-2] INFO  o.a.p.TimeStats:81 - Time measurements: [Whole Processing = 294 ms], [Process Annotations = 74 ms], [Generate Sources = 60 ms], [Find R Classes = 59 ms], [Validate Annotations = 53 ms], [Extract Manifest = 26 ms], [Extract Annotations = 8 ms], 
21:29:04.331 [pool-1-thread-2] INFO  o.a.AndroidAnnotationProcessor:122 - Finish processing
21:36:48.838 [pool-1-thread-2] INFO  o.a.AndroidAnnotationProcessor:84 - Initialize AndroidAnnotations 3.2 with options {}
21:36:49.59 [pool-1-thread-2] INFO  o.a.AndroidAnnotationProcessor:108 - Start processing for 4 annotations on 1 elements
21:36:49.74 [pool-1-thread-2] DEBUG o.a.h.AndroidManifestFinder:137 - AndroidManifest.xml file found in parent folder /Users/yk/projects/NjcitLeaveApplication: /Users/yk/projects/NjcitLeaveApplication/AndroidManifest.xml
21:36:49.103 [pool-1-thread-2] INFO  o.a.AndroidAnnotationProcessor:171 - AndroidManifest.xml found: AndroidManifest [applicationPackage=cn.njcit, componentQualifiedNames=[cn.njcit.view.LoginActivity_, cn.njcit.view.MainActivity_], permissionQualifiedNames=[android.permission.INTERNET], applicationClassName=null, libraryProject=false, debugabble=false, minSdkVersion=11, maxSdkVersion=-1, targetSdkVersion=-1]
21:36:49.106 [pool-1-thread-2] INFO  o.a.r.ProjectRClassFinder:50 - Found project R class: cn.njcit.R
21:36:49.119 [pool-1-thread-2] INFO  o.a.r.AndroidRClassFinder:44 - Found Android class: android.R
21:36:49.195 [pool-1-thread-2] INFO  o.a.p.ModelValidator:42 - Validating elements
21:36:49.196 [pool-1-thread-2] DEBUG o.a.p.ModelValidator:62 - Validating with EFragmentHandler: [cn.njcit.view.fragements.FragmentAddLeaveTab]
21:36:49.211 [pool-1-thread-2] DEBUG o.a.p.ModelValidator:62 - Validating with ViewByIdHandler: [courseLeaveRB, dayLeaveRB, courseLeaveTL, dayLeaveTL, addLeaveBt, studentNoteEt, studentMobileEt, courseIndexEt, courseNameEt, teacherNameEt, leaveStartDateEt, leaveEndDateEt]
21:36:49.228 [pool-1-thread-2] DEBUG o.a.p.ModelValidator:62 - Validating with ClickHandler: [addLeaveItem()]
21:36:49.233 [pool-1-thread-2] DEBUG o.a.p.ModelValidator:62 - Validating with CheckedChangeHandler: [courseLeaveRBChanged(android.widget.CompoundButton,boolean), dayLeaveRBChanged(android.widget.CompoundButton,boolean)]
21:36:49.262 [pool-1-thread-2] INFO  o.a.p.ModelProcessor:69 - Processing root elements
21:36:49.262 [pool-1-thread-2] DEBUG o.a.p.ModelProcessor:160 - Processing root elements EFragmentHandler: [cn.njcit.view.fragements.FragmentAddLeaveTab]
21:36:49.312 [pool-1-thread-2] INFO  o.a.p.ModelProcessor:77 - Processing enclosed elements
21:36:49.325 [pool-1-thread-2] INFO  o.a.AndroidAnnotationProcessor:250 - Number of files generated by AndroidAnnotations: 1
21:36:49.329 [pool-1-thread-2] INFO  o.a.g.ApiCodeGenerator:52 - Writting following API classes in project: []
21:36:49.332 [pool-1-thread-2] DEBUG o.a.g.SourceCodewriter:55 - Generating class: cn.njcit.view.fragements.FragmentAddLeaveTab_
21:36:49.506 [pool-1-thread-2] INFO  o.a.p.TimeStats:81 - Time measurements: [Whole Processing = 447 ms], [Generate Sources = 181 ms], [Process Annotations = 81 ms], [Find R Classes = 76 ms], [Validate Annotations = 49 ms], [Extract Manifest = 33 ms], [Extract Annotations = 9 ms], 
21:36:49.507 [pool-1-thread-2] INFO  o.a.AndroidAnnotationProcessor:122 - Finish processing
21:39:22.890 [pool-1-thread-2] INFO  o.a.AndroidAnnotationProcessor:84 - Initialize AndroidAnnotations 3.2 with options {}
21:39:23.103 [pool-1-thread-2] INFO  o.a.AndroidAnnotationProcessor:108 - Start processing for 4 annotations on 1 elements
21:39:23.141 [pool-1-thread-2] DEBUG o.a.h.AndroidManifestFinder:137 - AndroidManifest.xml file found in parent folder /Users/yk/projects/NjcitLeaveApplication: /Users/yk/projects/NjcitLeaveApplication/AndroidManifest.xml
21:39:23.166 [pool-1-thread-2] INFO  o.a.AndroidAnnotationProcessor:171 - AndroidManifest.xml found: AndroidManifest [applicationPackage=cn.njcit, componentQualifiedNames=[cn.njcit.view.LoginActivity_, cn.njcit.view.MainActivity_], permissionQualifiedNames=[android.permission.INTERNET], applicationClassName=null, libraryProject=false, debugabble=false, minSdkVersion=11, maxSdkVersion=-1, targetSdkVersion=-1]
21:39:23.168 [pool-1-thread-2] INFO  o.a.r.ProjectRClassFinder:50 - Found project R class: cn.njcit.R
21:39:23.179 [pool-1-thread-2] INFO  o.a.r.AndroidRClassFinder:44 - Found Android class: android.R
21:39:23.249 [pool-1-thread-2] INFO  o.a.p.ModelValidator:42 - Validating elements
21:39:23.249 [pool-1-thread-2] DEBUG o.a.p.ModelValidator:62 - Validating with EFragmentHandler: [cn.njcit.view.fragements.FragmentAddLeaveTab]
21:39:23.262 [pool-1-thread-2] DEBUG o.a.p.ModelValidator:62 - Validating with ViewByIdHandler: [courseLeaveRB, dayLeaveRB, courseLeaveTL, dayLeaveTL, addLeaveBt, studentNoteEt, studentMobileEt, courseIndexEt, courseNameEt, teacherNameEt, leaveStartDateEt, leaveEndDateEt]
21:39:23.278 [pool-1-thread-2] DEBUG o.a.p.ModelValidator:62 - Validating with ClickHandler: [addLeaveItem()]
21:39:23.282 [pool-1-thread-2] DEBUG o.a.p.ModelValidator:62 - Validating with CheckedChangeHandler: [courseLeaveRBChanged(android.widget.CompoundButton,boolean), dayLeaveRBChanged(android.widget.CompoundButton,boolean)]
21:39:23.310 [pool-1-thread-2] INFO  o.a.p.ModelProcessor:69 - Processing root elements
21:39:23.310 [pool-1-thread-2] DEBUG o.a.p.ModelProcessor:160 - Processing root elements EFragmentHandler: [cn.njcit.view.fragements.FragmentAddLeaveTab]
21:39:23.354 [pool-1-thread-2] INFO  o.a.p.ModelProcessor:77 - Processing enclosed elements
21:39:23.370 [pool-1-thread-2] INFO  o.a.AndroidAnnotationProcessor:250 - Number of files generated by AndroidAnnotations: 1
21:39:23.382 [pool-1-thread-2] INFO  o.a.g.ApiCodeGenerator:52 - Writting following API classes in project: []
21:39:23.388 [pool-1-thread-2] DEBUG o.a.g.SourceCodewriter:55 - Generating class: cn.njcit.view.fragements.FragmentAddLeaveTab_
21:39:23.576 [pool-1-thread-2] INFO  o.a.p.TimeStats:81 - Time measurements: [Whole Processing = 471 ms], [Generate Sources = 205 ms], [Process Annotations = 77 ms], [Find R Classes = 67 ms], [Extract Manifest = 56 ms], [Validate Annotations = 44 ms], [Extract Annotations = 6 ms], 
21:39:23.579 [pool-1-thread-2] INFO  o.a.AndroidAnnotationProcessor:122 - Finish processing
21:40:30.136 [pool-1-thread-2] INFO  o.a.AndroidAnnotationProcessor:84 - Initialize AndroidAnnotations 3.2 with options {}
21:40:30.658 [pool-1-thread-2] INFO  o.a.AndroidAnnotationProcessor:108 - Start processing for 4 annotations on 1 elements
21:40:30.674 [pool-1-thread-2] DEBUG o.a.h.AndroidManifestFinder:137 - AndroidManifest.xml file found in parent folder /Users/yk/projects/NjcitLeaveApplication: /Users/yk/projects/NjcitLeaveApplication/AndroidManifest.xml
21:40:30.691 [pool-1-thread-2] INFO  o.a.AndroidAnnotationProcessor:171 - AndroidManifest.xml found: AndroidManifest [applicationPackage=cn.njcit, componentQualifiedNames=[cn.njcit.view.LoginActivity_, cn.njcit.view.MainActivity_], permissionQualifiedNames=[android.permission.INTERNET], applicationClassName=null, libraryProject=false, debugabble=false, minSdkVersion=11, maxSdkVersion=-1, targetSdkVersion=-1]
21:40:30.693 [pool-1-thread-2] INFO  o.a.r.ProjectRClassFinder:50 - Found project R class: cn.njcit.R
21:40:30.706 [pool-1-thread-2] INFO  o.a.r.AndroidRClassFinder:44 - Found Android class: android.R
21:40:30.777 [pool-1-thread-2] INFO  o.a.p.ModelValidator:42 - Validating elements
21:40:30.778 [pool-1-thread-2] DEBUG o.a.p.ModelValidator:62 - Validating with EFragmentHandler: [cn.njcit.view.fragements.FragmentAddLeaveTab]
21:40:30.796 [pool-1-thread-2] DEBUG o.a.p.ModelValidator:62 - Validating with ViewByIdHandler: [courseLeaveRB, dayLeaveRB, courseLeaveTL, dayLeaveTL, addLeaveBt, studentNoteEt, studentMobileEt, courseIndexEt, courseNameEt, teacherNameEt, leaveStartDateEt, leaveEndDateEt]
21:40:30.815 [pool-1-thread-2] DEBUG o.a.p.ModelValidator:62 - Validating with ClickHandler: [addLeaveItem()]
21:40:30.819 [pool-1-thread-2] DEBUG o.a.p.ModelValidator:62 - Validating with CheckedChangeHandler: [courseLeaveRBChanged(android.widget.CompoundButton,boolean), dayLeaveRBChanged(android.widget.CompoundButton,boolean)]
21:40:30.847 [pool-1-thread-2] INFO  o.a.p.ModelProcessor:69 - Processing root elements
21:40:30.848 [pool-1-thread-2] DEBUG o.a.p.ModelProcessor:160 - Processing root elements EFragmentHandler: [cn.njcit.view.fragements.FragmentAddLeaveTab]
21:40:30.890 [pool-1-thread-2] INFO  o.a.p.ModelProcessor:77 - Processing enclosed elements
21:40:30.900 [pool-1-thread-2] INFO  o.a.AndroidAnnotationProcessor:250 - Number of files generated by AndroidAnnotations: 1
21:40:30.904 [pool-1-thread-2] INFO  o.a.g.ApiCodeGenerator:52 - Writting following API classes in project: []
21:40:30.909 [pool-1-thread-2] DEBUG o.a.g.SourceCodewriter:55 - Generating class: cn.njcit.view.fragements.FragmentAddLeaveTab_
21:40:30.966 [pool-1-thread-2] INFO  o.a.p.TimeStats:81 - Time measurements: [Whole Processing = 308 ms], [Process Annotations = 68 ms], [Find R Classes = 66 ms], [Generate Sources = 66 ms], [Validate Annotations = 56 ms], [Extract Manifest = 24 ms], [Extract Annotations = 8 ms], 
21:40:30.967 [pool-1-thread-2] INFO  o.a.AndroidAnnotationProcessor:122 - Finish processing
21:45:26.162 [pool-1-thread-2] INFO  o.a.AndroidAnnotationProcessor:84 - Initialize AndroidAnnotations 3.2 with options {}
21:45:26.842 [pool-1-thread-2] INFO  o.a.AndroidAnnotationProcessor:108 - Start processing for 4 annotations on 2 elements
21:45:26.858 [pool-1-thread-2] DEBUG o.a.h.AndroidManifestFinder:137 - AndroidManifest.xml file found in parent folder /Users/yk/projects/NjcitLeaveApplication: /Users/yk/projects/NjcitLeaveApplication/AndroidManifest.xml
21:45:26.876 [pool-1-thread-2] INFO  o.a.AndroidAnnotationProcessor:171 - AndroidManifest.xml found: AndroidManifest [applicationPackage=cn.njcit, componentQualifiedNames=[cn.njcit.view.LoginActivity_, cn.njcit.view.MainActivity_], permissionQualifiedNames=[android.permission.INTERNET], applicationClassName=null, libraryProject=false, debugabble=false, minSdkVersion=11, maxSdkVersion=-1, targetSdkVersion=-1]
21:45:26.880 [pool-1-thread-2] INFO  o.a.r.ProjectRClassFinder:50 - Found project R class: cn.njcit.R
21:45:26.891 [pool-1-thread-2] INFO  o.a.r.AndroidRClassFinder:44 - Found Android class: android.R
21:45:26.968 [pool-1-thread-2] INFO  o.a.p.ModelValidator:42 - Validating elements
21:45:26.969 [pool-1-thread-2] DEBUG o.a.p.ModelValidator:62 - Validating with EFragmentHandler: [cn.njcit.view.fragements.FragmentAddLeaveTab]
21:45:26.984 [pool-1-thread-2] DEBUG o.a.p.ModelValidator:62 - Validating with ViewByIdHandler: [courseLeaveRB, dayLeaveRB, courseLeaveTL, dayLeaveTL, addLeaveBt, studentNoteEt, studentMobileEt, courseIndexEt, courseNameEt, teacherNameEt, leaveStartDateEt, leaveEndDateEt]
21:45:26.999 [pool-1-thread-2] DEBUG o.a.p.ModelValidator:62 - Validating with ClickHandler: [addLeaveItem()]
21:45:27.3 [pool-1-thread-2] DEBUG o.a.p.ModelValidator:62 - Validating with CheckedChangeHandler: [courseLeaveRBChanged(android.widget.CompoundButton,boolean), dayLeaveRBChanged(android.widget.CompoundButton,boolean)]
21:45:27.27 [pool-1-thread-2] INFO  o.a.p.ModelProcessor:69 - Processing root elements
21:45:27.28 [pool-1-thread-2] DEBUG o.a.p.ModelProcessor:160 - Processing root elements EFragmentHandler: [cn.njcit.view.fragements.FragmentAddLeaveTab]
21:45:27.69 [pool-1-thread-2] INFO  o.a.p.ModelProcessor:77 - Processing enclosed elements
21:45:27.79 [pool-1-thread-2] INFO  o.a.AndroidAnnotationProcessor:250 - Number of files generated by AndroidAnnotations: 1
21:45:27.84 [pool-1-thread-2] INFO  o.a.g.ApiCodeGenerator:52 - Writting following API classes in project: []
21:45:27.87 [pool-1-thread-2] DEBUG o.a.g.SourceCodewriter:55 - Generating class: cn.njcit.view.fragements.FragmentAddLeaveTab_
21:45:27.152 [pool-1-thread-2] INFO  o.a.p.TimeStats:81 - Time measurements: [Whole Processing = 309 ms], [Find R Classes = 77 ms], [Generate Sources = 73 ms], [Process Annotations = 66 ms], [Validate Annotations = 45 ms], [Extract Manifest = 20 ms], [Extract Annotations = 6 ms], 
21:45:27.152 [pool-1-thread-2] INFO  o.a.AndroidAnnotationProcessor:122 - Finish processing
22:07:44.151 [pool-1-thread-2] INFO  o.a.AndroidAnnotationProcessor:84 - Initialize AndroidAnnotations 3.2 with options {}
22:07:44.447 [pool-1-thread-2] INFO  o.a.AndroidAnnotationProcessor:108 - Start processing for 7 annotations on 15 elements
22:07:44.488 [pool-1-thread-2] DEBUG o.a.h.AndroidManifestFinder:137 - AndroidManifest.xml file found in parent folder /Users/yk/projects/NjcitLeaveApplication: /Users/yk/projects/NjcitLeaveApplication/AndroidManifest.xml
22:07:44.558 [pool-1-thread-2] INFO  o.a.AndroidAnnotationProcessor:171 - AndroidManifest.xml found: AndroidManifest [applicationPackage=cn.njcit, componentQualifiedNames=[cn.njcit.view.LoginActivity_, cn.njcit.view.MainActivity_], permissionQualifiedNames=[android.permission.INTERNET], applicationClassName=null, libraryProject=false, debugabble=false, minSdkVersion=11, maxSdkVersion=-1, targetSdkVersion=-1]
22:07:44.560 [pool-1-thread-2] INFO  o.a.r.ProjectRClassFinder:50 - Found project R class: cn.njcit.R
22:07:44.572 [pool-1-thread-2] INFO  o.a.r.AndroidRClassFinder:44 - Found Android class: android.R
22:07:44.669 [pool-1-thread-2] INFO  o.a.p.ModelValidator:42 - Validating elements
22:07:44.669 [pool-1-thread-2] DEBUG o.a.p.ModelValidator:62 - Validating with EActivityHandler: [cn.njcit.view.MainActivity, cn.njcit.view.LoginActivity]
22:07:44.705 [pool-1-thread-2] DEBUG o.a.p.ModelValidator:62 - Validating with EFragmentHandler: [cn.njcit.view.fragements.FragmentAddLeaveTab, cn.njcit.view.fragements.FragmentStudentSickLeavTab, cn.njcit.view.fragements.FragmentStucentCheckTab]
22:07:44.714 [pool-1-thread-2] DEBUG o.a.p.ModelValidator:62 - Validating with ViewByIdHandler: [tabhost, courseLeaveRB, dayLeaveRB, courseLeaveTL, dayLeaveTL, addLeaveBt, studentNoteEt, studentMobileEt, courseIndexEt, courseNameEt, teacherNameEt, leaveStartDateEt, leaveEndDateEt, mUserNo, mPassword, mRole, mLogin]
22:07:44.753 [pool-1-thread-2] DEBUG o.a.p.ModelValidator:62 - Validating with ClickHandler: [addLeaveItem(), loginBtClick()]
22:07:44.760 [pool-1-thread-2] DEBUG o.a.p.ModelValidator:62 - Validating with CheckedChangeHandler: [courseLeaveRBChanged(android.widget.CompoundButton,boolean), dayLeaveRBChanged(android.widget.CompoundButton,boolean)]
22:07:44.771 [pool-1-thread-2] DEBUG o.a.p.ModelValidator:62 - Validating with WindowFeatureHandler: [cn.njcit.view.MainActivity, cn.njcit.view.LoginActivity]
22:07:44.772 [pool-1-thread-2] DEBUG o.a.p.ModelValidator:62 - Validating with AfterViewsHandler: [initVIew()]
22:07:44.798 [pool-1-thread-2] INFO  o.a.p.ModelProcessor:69 - Processing root elements
22:07:44.799 [pool-1-thread-2] DEBUG o.a.p.ModelProcessor:160 - Processing root elements EActivityHandler: [cn.njcit.view.MainActivity, cn.njcit.view.LoginActivity]
22:07:44.872 [pool-1-thread-2] DEBUG o.a.p.ModelProcessor:160 - Processing root elements EFragmentHandler: [cn.njcit.view.fragements.FragmentStudentSickLeavTab, cn.njcit.view.fragements.FragmentStucentCheckTab, cn.njcit.view.fragements.FragmentAddLeaveTab]
22:07:44.879 [pool-1-thread-2] INFO  o.a.p.ModelProcessor:77 - Processing enclosed elements
22:07:44.892 [pool-1-thread-2] INFO  o.a.AndroidAnnotationProcessor:250 - Number of files generated by AndroidAnnotations: 5
22:07:44.898 [pool-1-thread-2] INFO  o.a.g.ApiCodeGenerator:52 - Writting following API classes in project: []
22:07:44.902 [pool-1-thread-2] DEBUG o.a.g.SourceCodewriter:55 - Generating class: cn.njcit.view.LoginActivity_
22:07:44.955 [pool-1-thread-2] DEBUG o.a.g.SourceCodewriter:55 - Generating class: cn.njcit.view.MainActivity_
22:07:44.998 [pool-1-thread-2] DEBUG o.a.g.SourceCodewriter:55 - Generating class: cn.njcit.view.fragements.FragmentAddLeaveTab_
22:07:45.69 [pool-1-thread-2] DEBUG o.a.g.SourceCodewriter:55 - Generating class: cn.njcit.view.fragements.FragmentStucentCheckTab_
22:07:45.81 [pool-1-thread-2] DEBUG o.a.g.SourceCodewriter:55 - Generating class: cn.njcit.view.fragements.FragmentStudentSickLeavTab_
22:07:45.111 [pool-1-thread-2] INFO  o.a.p.TimeStats:81 - Time measurements: [Whole Processing = 663 ms], [Generate Sources = 218 ms], [Process Annotations = 119 ms], [Validate Annotations = 106 ms], [Find R Classes = 90 ms], [Extract Manifest = 76 ms], [Extract Annotations = 30 ms], 
22:07:45.111 [pool-1-thread-2] INFO  o.a.AndroidAnnotationProcessor:122 - Finish processing
22:10:27.701 [pool-1-thread-2] INFO  o.a.AndroidAnnotationProcessor:84 - Initialize AndroidAnnotations 3.2 with options {}
22:10:27.894 [pool-1-thread-2] INFO  o.a.AndroidAnnotationProcessor:108 - Start processing for 7 annotations on 12 elements
22:10:27.979 [pool-1-thread-2] DEBUG o.a.h.AndroidManifestFinder:137 - AndroidManifest.xml file found in parent folder /Users/yk/projects/NjcitLeaveApplication: /Users/yk/projects/NjcitLeaveApplication/AndroidManifest.xml
22:10:28.2 [pool-1-thread-2] INFO  o.a.AndroidAnnotationProcessor:171 - AndroidManifest.xml found: AndroidManifest [applicationPackage=cn.njcit, componentQualifiedNames=[cn.njcit.view.LoginActivity_, cn.njcit.view.MainActivity_], permissionQualifiedNames=[android.permission.INTERNET], applicationClassName=null, libraryProject=false, debugabble=false, minSdkVersion=11, maxSdkVersion=-1, targetSdkVersion=-1]
22:10:28.7 [pool-1-thread-2] INFO  o.a.r.ProjectRClassFinder:50 - Found project R class: cn.njcit.R
22:10:28.48 [pool-1-thread-2] INFO  o.a.r.AndroidRClassFinder:44 - Found Android class: android.R
22:10:28.151 [pool-1-thread-2] INFO  o.a.p.ModelValidator:42 - Validating elements
22:10:28.151 [pool-1-thread-2] DEBUG o.a.p.ModelValidator:62 - Validating with EActivityHandler: [cn.njcit.view.MainActivity]
22:10:28.173 [pool-1-thread-2] DEBUG o.a.p.ModelValidator:62 - Validating with EFragmentHandler: [cn.njcit.view.fragements.FragmentStudentCheckNewCheckdLeaveFragment, cn.njcit.view.fragements.FragmentStudentCheckUnCheckdLeaveFragment, cn.njcit.view.fragements.FragmentStudentCheckTab, cn.njcit.view.fragements.FragmentStudentCheckHistoryCheckdLeaveFragment, cn.njcit.view.fragements.FragmentAddLeaveTab]
22:10:28.184 [pool-1-thread-2] DEBUG o.a.p.ModelValidator:62 - Validating with ViewByIdHandler: [pager, indicator, pager, indicator, tabhost, pager, indicator, courseLeaveRB, dayLeaveRB, courseLeaveTL, dayLeaveTL, addLeaveBt, studentNoteEt, studentMobileEt, courseIndexEt, courseNameEt, teacherNameEt, leaveStartDateEt, leaveEndDateEt]
22:10:28.206 [pool-1-thread-2] DEBUG o.a.p.ModelValidator:62 - Validating with ClickHandler: [addLeaveItem()]
22:10:28.210 [pool-1-thread-2] DEBUG o.a.p.ModelValidator:62 - Validating with CheckedChangeHandler: [courseLeaveRBChanged(android.widget.CompoundButton,boolean), dayLeaveRBChanged(android.widget.CompoundButton,boolean)]
22:10:28.215 [pool-1-thread-2] DEBUG o.a.p.ModelValidator:62 - Validating with WindowFeatureHandler: [cn.njcit.view.MainActivity]
22:10:28.217 [pool-1-thread-2] DEBUG o.a.p.ModelValidator:62 - Validating with AfterViewsHandler: [initAdapter(), initAdapter(), initAdapter(), initVIew(), initAdapter()]
22:10:28.237 [pool-1-thread-2] INFO  o.a.p.ModelProcessor:69 - Processing root elements
22:10:28.237 [pool-1-thread-2] DEBUG o.a.p.ModelProcessor:160 - Processing root elements EActivityHandler: [cn.njcit.view.MainActivity]
22:10:28.299 [pool-1-thread-2] DEBUG o.a.p.ModelProcessor:160 - Processing root elements EFragmentHandler: [cn.njcit.view.fragements.FragmentStudentCheckUnCheckdLeaveFragment, cn.njcit.view.fragements.FragmentStudentCheckTab, cn.njcit.view.fragements.FragmentStudentCheckHistoryCheckdLeaveFragment, cn.njcit.view.fragements.FragmentStudentCheckNewCheckdLeaveFragment, cn.njcit.view.fragements.FragmentAddLeaveTab]
22:10:28.307 [pool-1-thread-2] INFO  o.a.p.ModelProcessor:77 - Processing enclosed elements
22:10:28.320 [pool-1-thread-2] INFO  o.a.AndroidAnnotationProcessor:250 - Number of files generated by AndroidAnnotations: 6
22:10:28.325 [pool-1-thread-2] INFO  o.a.g.ApiCodeGenerator:52 - Writting following API classes in project: []
22:10:28.328 [pool-1-thread-2] DEBUG o.a.g.SourceCodewriter:55 - Generating class: cn.njcit.view.MainActivity_
22:10:28.370 [pool-1-thread-2] DEBUG o.a.g.SourceCodewriter:55 - Generating class: cn.njcit.view.fragements.FragmentAddLeaveTab_
22:10:28.413 [pool-1-thread-2] DEBUG o.a.g.SourceCodewriter:55 - Generating class: cn.njcit.view.fragements.FragmentStudentCheckHistoryCheckdLeaveFragment_
22:10:28.501 [pool-1-thread-2] DEBUG o.a.g.SourceCodewriter:55 - Generating class: cn.njcit.view.fragements.FragmentStudentCheckNewCheckdLeaveFragment_
22:10:28.520 [pool-1-thread-2] DEBUG o.a.g.SourceCodewriter:55 - Generating class: cn.njcit.view.fragements.FragmentStudentCheckTab_
22:10:28.528 [pool-1-thread-2] DEBUG o.a.g.SourceCodewriter:55 - Generating class: cn.njcit.view.fragements.FragmentStudentCheckUnCheckdLeaveFragment_
22:10:28.538 [pool-1-thread-2] INFO  o.a.p.TimeStats:81 - Time measurements: [Whole Processing = 643 ms], [Generate Sources = 217 ms], [Find R Classes = 123 ms], [Process Annotations = 102 ms], [Extract Annotations = 80 ms], [Validate Annotations = 69 ms], [Extract Manifest = 26 ms], 
22:10:28.538 [pool-1-thread-2] INFO  o.a.AndroidAnnotationProcessor:122 - Finish processing
22:11:40.150 [pool-1-thread-2] INFO  o.a.AndroidAnnotationProcessor:84 - Initialize AndroidAnnotations 3.2 with options {}
22:11:40.457 [pool-1-thread-2] INFO  o.a.AndroidAnnotationProcessor:108 - Start processing for 7 annotations on 109 elements
22:11:41.110 [pool-1-thread-2] DEBUG o.a.h.AndroidManifestFinder:137 - AndroidManifest.xml file found in parent folder /Users/yk/projects/NjcitLeaveApplication: /Users/yk/projects/NjcitLeaveApplication/AndroidManifest.xml
22:11:41.147 [pool-1-thread-2] INFO  o.a.AndroidAnnotationProcessor:171 - AndroidManifest.xml found: AndroidManifest [applicationPackage=cn.njcit, componentQualifiedNames=[cn.njcit.view.LoginActivity_, cn.njcit.view.MainActivity_], permissionQualifiedNames=[android.permission.INTERNET], applicationClassName=null, libraryProject=false, debugabble=false, minSdkVersion=11, maxSdkVersion=-1, targetSdkVersion=-1]
22:11:41.160 [pool-1-thread-2] INFO  o.a.r.ProjectRClassFinder:50 - Found project R class: cn.njcit.R
22:11:41.213 [pool-1-thread-2] INFO  o.a.r.AndroidRClassFinder:44 - Found Android class: android.R
22:11:41.284 [pool-1-thread-2] INFO  o.a.p.ModelValidator:42 - Validating elements
22:11:41.285 [pool-1-thread-2] DEBUG o.a.p.ModelValidator:62 - Validating with EActivityHandler: [cn.njcit.view.MainActivity, cn.njcit.view.LoginActivity]
22:11:41.309 [pool-1-thread-2] DEBUG o.a.p.ModelValidator:62 - Validating with EFragmentHandler: [cn.njcit.view.fragements.FragmentStudentCheckNewCheckdLeaveFragment, cn.njcit.view.fragements.FragmentStudentCheckHistoryCheckdLeaveFragment, cn.njcit.view.fragements.FragmentAddLeaveTab, cn.njcit.view.fragements.FragmentStudentCheckTab, cn.njcit.view.fragements.FragmentStudentCheckUnCheckdLeaveFragment]
22:11:41.321 [pool-1-thread-2] DEBUG o.a.p.ModelValidator:62 - Validating with ViewByIdHandler: [tabhost, pager, indicator, pager, indicator, courseLeaveRB, dayLeaveRB, courseLeaveTL, dayLeaveTL, addLeaveBt, studentNoteEt, studentMobileEt, courseIndexEt, courseNameEt, teacherNameEt, leaveStartDateEt, leaveEndDateEt, pager, indicator, mUserNo, mPassword, mRole, mLogin]
22:11:41.348 [pool-1-thread-2] DEBUG o.a.p.ModelValidator:62 - Validating with ClickHandler: [addLeaveItem(), loginBtClick()]
22:11:41.352 [pool-1-thread-2] DEBUG o.a.p.ModelValidator:62 - Validating with CheckedChangeHandler: [courseLeaveRBChanged(android.widget.CompoundButton,boolean), dayLeaveRBChanged(android.widget.CompoundButton,boolean)]
22:11:41.357 [pool-1-thread-2] DEBUG o.a.p.ModelValidator:62 - Validating with WindowFeatureHandler: [cn.njcit.view.MainActivity, cn.njcit.view.LoginActivity]
22:11:41.359 [pool-1-thread-2] DEBUG o.a.p.ModelValidator:62 - Validating with AfterViewsHandler: [initVIew(), initAdapter(), initAdapter(), initAdapter(), initAdapter()]
22:11:41.387 [pool-1-thread-2] INFO  o.a.p.ModelProcessor:69 - Processing root elements
22:11:41.387 [pool-1-thread-2] DEBUG o.a.p.ModelProcessor:160 - Processing root elements EActivityHandler: [cn.njcit.view.LoginActivity, cn.njcit.view.MainActivity]
22:11:41.462 [pool-1-thread-2] DEBUG o.a.p.ModelProcessor:160 - Processing root elements EFragmentHandler: [cn.njcit.view.fragements.FragmentAddLeaveTab, cn.njcit.view.fragements.FragmentStudentCheckHistoryCheckdLeaveFragment, cn.njcit.view.fragements.FragmentStudentCheckNewCheckdLeaveFragment, cn.njcit.view.fragements.FragmentStudentCheckTab, cn.njcit.view.fragements.FragmentStudentCheckUnCheckdLeaveFragment]
22:11:41.484 [pool-1-thread-2] INFO  o.a.p.ModelProcessor:77 - Processing enclosed elements
22:11:41.508 [pool-1-thread-2] INFO  o.a.AndroidAnnotationProcessor:250 - Number of files generated by AndroidAnnotations: 7
22:11:41.511 [pool-1-thread-2] INFO  o.a.g.ApiCodeGenerator:52 - Writting following API classes in project: []
22:11:41.515 [pool-1-thread-2] DEBUG o.a.g.SourceCodewriter:55 - Generating class: cn.njcit.view.LoginActivity_
22:11:41.581 [pool-1-thread-2] DEBUG o.a.g.SourceCodewriter:55 - Generating class: cn.njcit.view.MainActivity_
22:11:41.634 [pool-1-thread-2] DEBUG o.a.g.SourceCodewriter:55 - Generating class: cn.njcit.view.fragements.FragmentAddLeaveTab_
22:11:41.789 [pool-1-thread-2] DEBUG o.a.g.SourceCodewriter:55 - Generating class: cn.njcit.view.fragements.FragmentStudentCheckHistoryCheckdLeaveFragment_
22:11:41.812 [pool-1-thread-2] DEBUG o.a.g.SourceCodewriter:55 - Generating class: cn.njcit.view.fragements.FragmentStudentCheckNewCheckdLeaveFragment_
22:11:41.851 [pool-1-thread-2] DEBUG o.a.g.SourceCodewriter:55 - Generating class: cn.njcit.view.fragements.FragmentStudentCheckTab_
22:11:41.855 [pool-1-thread-2] DEBUG o.a.g.SourceCodewriter:55 - Generating class: cn.njcit.view.fragements.FragmentStudentCheckUnCheckdLeaveFragment_
22:11:41.869 [pool-1-thread-2] INFO  o.a.p.TimeStats:81 - Time measurements: [Whole Processing = 1412 ms], [Extract Annotations = 648 ms], [Generate Sources = 362 ms], [Process Annotations = 147 ms], [Find R Classes = 103 ms], [Validate Annotations = 77 ms], [Extract Manifest = 40 ms], 
22:11:41.870 [pool-1-thread-2] INFO  o.a.AndroidAnnotationProcessor:122 - Finish processing
22:12:09.67 [pool-1-thread-2] INFO  o.a.AndroidAnnotationProcessor:84 - Initialize AndroidAnnotations 3.2 with options {}
22:12:09.553 [pool-1-thread-2] INFO  o.a.AndroidAnnotationProcessor:108 - Start processing for 7 annotations on 116 elements
22:12:09.644 [pool-1-thread-2] DEBUG o.a.h.AndroidManifestFinder:137 - AndroidManifest.xml file found in parent folder /Users/yk/projects/NjcitLeaveApplication: /Users/yk/projects/NjcitLeaveApplication/AndroidManifest.xml
22:12:09.661 [pool-1-thread-2] INFO  o.a.AndroidAnnotationProcessor:171 - AndroidManifest.xml found: AndroidManifest [applicationPackage=cn.njcit, componentQualifiedNames=[cn.njcit.view.LoginActivity_, cn.njcit.view.MainActivity_], permissionQualifiedNames=[android.permission.INTERNET], applicationClassName=null, libraryProject=false, debugabble=false, minSdkVersion=11, maxSdkVersion=-1, targetSdkVersion=-1]
22:12:09.663 [pool-1-thread-2] INFO  o.a.r.ProjectRClassFinder:50 - Found project R class: cn.njcit.R
22:12:09.681 [pool-1-thread-2] INFO  o.a.r.AndroidRClassFinder:44 - Found Android class: android.R
22:12:09.751 [pool-1-thread-2] INFO  o.a.p.ModelValidator:42 - Validating elements
22:12:09.752 [pool-1-thread-2] DEBUG o.a.p.ModelValidator:62 - Validating with EActivityHandler: [cn.njcit.view.MainActivity, cn.njcit.view.LoginActivity]
22:12:09.767 [pool-1-thread-2] DEBUG o.a.p.ModelValidator:62 - Validating with EFragmentHandler: [cn.njcit.view.fragements.FragmentStudentCheckNewCheckdLeaveFragment, cn.njcit.view.fragements.FragmentStudentCheckHistoryCheckdLeaveFragment, cn.njcit.view.fragements.FragmentAddLeaveTab, cn.njcit.view.fragements.FragmentStudentCheckUnCheckdLeaveFragment, cn.njcit.view.fragements.FragmentStudentCheckTab, cn.njcit.view.fragements.FragmentStudentSickLeavTab]
22:12:09.774 [pool-1-thread-2] DEBUG o.a.p.ModelValidator:62 - Validating with ViewByIdHandler: [tabhost, pager, indicator, pager, indicator, courseLeaveRB, dayLeaveRB, courseLeaveTL, dayLeaveTL, addLeaveBt, studentNoteEt, studentMobileEt, courseIndexEt, courseNameEt, teacherNameEt, leaveStartDateEt, leaveEndDateEt, pager, indicator, mUserNo, mPassword, mRole, mLogin]
22:12:09.802 [pool-1-thread-2] DEBUG o.a.p.ModelValidator:62 - Validating with ClickHandler: [addLeaveItem(), loginBtClick()]
22:12:09.809 [pool-1-thread-2] DEBUG o.a.p.ModelValidator:62 - Validating with CheckedChangeHandler: [courseLeaveRBChanged(android.widget.CompoundButton,boolean), dayLeaveRBChanged(android.widget.CompoundButton,boolean)]
22:12:09.813 [pool-1-thread-2] DEBUG o.a.p.ModelValidator:62 - Validating with WindowFeatureHandler: [cn.njcit.view.MainActivity, cn.njcit.view.LoginActivity]
22:12:09.818 [pool-1-thread-2] DEBUG o.a.p.ModelValidator:62 - Validating with AfterViewsHandler: [initVIew(), initAdapter(), initAdapter(), initAdapter(), initAdapter()]
22:12:09.851 [pool-1-thread-2] INFO  o.a.p.ModelProcessor:69 - Processing root elements
22:12:09.852 [pool-1-thread-2] DEBUG o.a.p.ModelProcessor:160 - Processing root elements EActivityHandler: [cn.njcit.view.MainActivity, cn.njcit.view.LoginActivity]
22:12:09.953 [pool-1-thread-2] DEBUG o.a.p.ModelProcessor:160 - Processing root elements EFragmentHandler: [cn.njcit.view.fragements.FragmentStudentSickLeavTab, cn.njcit.view.fragements.FragmentStudentCheckUnCheckdLeaveFragment, cn.njcit.view.fragements.FragmentStudentCheckHistoryCheckdLeaveFragment, cn.njcit.view.fragements.FragmentStudentCheckTab, cn.njcit.view.fragements.FragmentAddLeaveTab, cn.njcit.view.fragements.FragmentStudentCheckNewCheckdLeaveFragment]
22:12:09.987 [pool-1-thread-2] INFO  o.a.p.ModelProcessor:77 - Processing enclosed elements
22:12:10.13 [pool-1-thread-2] INFO  o.a.AndroidAnnotationProcessor:250 - Number of files generated by AndroidAnnotations: 8
22:12:10.18 [pool-1-thread-2] INFO  o.a.g.ApiCodeGenerator:52 - Writting following API classes in project: []
22:12:10.22 [pool-1-thread-2] DEBUG o.a.g.SourceCodewriter:55 - Generating class: cn.njcit.view.LoginActivity_
22:12:10.48 [pool-1-thread-2] DEBUG o.a.g.SourceCodewriter:55 - Generating class: cn.njcit.view.MainActivity_
22:12:10.54 [pool-1-thread-2] DEBUG o.a.g.SourceCodewriter:55 - Generating class: cn.njcit.view.fragements.FragmentAddLeaveTab_
22:12:10.72 [pool-1-thread-2] DEBUG o.a.g.SourceCodewriter:55 - Generating class: cn.njcit.view.fragements.FragmentStudentCheckHistoryCheckdLeaveFragment_
22:12:10.83 [pool-1-thread-2] DEBUG o.a.g.SourceCodewriter:55 - Generating class: cn.njcit.view.fragements.FragmentStudentCheckNewCheckdLeaveFragment_
22:12:10.88 [pool-1-thread-2] DEBUG o.a.g.SourceCodewriter:55 - Generating class: cn.njcit.view.fragements.FragmentStudentCheckTab_
22:12:10.94 [pool-1-thread-2] DEBUG o.a.g.SourceCodewriter:55 - Generating class: cn.njcit.view.fragements.FragmentStudentCheckUnCheckdLeaveFragment_
22:12:10.99 [pool-1-thread-2] DEBUG o.a.g.SourceCodewriter:55 - Generating class: cn.njcit.view.fragements.FragmentStudentSickLeavTab_
22:12:10.111 [pool-1-thread-2] INFO  o.a.p.TimeStats:81 - Time measurements: [Whole Processing = 558 ms], [Process Annotations = 194 ms], [Generate Sources = 98 ms], [Extract Annotations = 87 ms], [Find R Classes = 69 ms], [Validate Annotations = 69 ms], [Extract Manifest = 19 ms], 
22:12:10.111 [pool-1-thread-2] INFO  o.a.AndroidAnnotationProcessor:122 - Finish processing
22:33:44.429 [pool-1-thread-2] INFO  o.a.AndroidAnnotationProcessor:84 - Initialize AndroidAnnotations 3.2 with options {}
22:33:48.679 [pool-1-thread-2] INFO  o.a.AndroidAnnotationProcessor:84 - Initialize AndroidAnnotations 3.2 with options {}
22:33:48.990 [pool-1-thread-2] INFO  o.a.AndroidAnnotationProcessor:108 - Start processing for 7 annotations on 116 elements
22:33:49.534 [pool-1-thread-2] DEBUG o.a.h.AndroidManifestFinder:137 - AndroidManifest.xml file found in parent folder /Users/yk/projects/NjcitLeaveApplication: /Users/yk/projects/NjcitLeaveApplication/AndroidManifest.xml
22:33:49.583 [pool-1-thread-2] INFO  o.a.AndroidAnnotationProcessor:171 - AndroidManifest.xml found: AndroidManifest [applicationPackage=cn.njcit, componentQualifiedNames=[cn.njcit.view.LoginActivity_, cn.njcit.view.MainActivity_], permissionQualifiedNames=[android.permission.INTERNET], applicationClassName=null, libraryProject=false, debugabble=false, minSdkVersion=11, maxSdkVersion=-1, targetSdkVersion=-1]
22:33:49.586 [pool-1-thread-2] INFO  o.a.r.ProjectRClassFinder:50 - Found project R class: cn.njcit.R
22:33:49.613 [pool-1-thread-2] INFO  o.a.r.AndroidRClassFinder:44 - Found Android class: android.R
22:33:49.680 [pool-1-thread-2] INFO  o.a.p.ModelValidator:42 - Validating elements
22:33:49.681 [pool-1-thread-2] DEBUG o.a.p.ModelValidator:62 - Validating with EActivityHandler: [cn.njcit.view.MainActivity, cn.njcit.view.LoginActivity]
22:33:49.707 [pool-1-thread-2] DEBUG o.a.p.ModelValidator:62 - Validating with EFragmentHandler: [cn.njcit.view.fragements.FragmentStudentCheckNewCheckdLeaveFragment, cn.njcit.view.fragements.FragmentStudentCheckHistoryCheckdLeaveFragment, cn.njcit.view.fragements.FragmentAddLeaveTab, cn.njcit.view.fragements.FragmentStudentCheckUnCheckdLeaveFragment, cn.njcit.view.fragements.FragmentStudentCheckTab, cn.njcit.view.fragements.FragmentStudentSickLeavTab]
22:33:49.715 [pool-1-thread-2] DEBUG o.a.p.ModelValidator:62 - Validating with ViewByIdHandler: [tabhost, pager, indicator, pager, indicator, courseLeaveRB, dayLeaveRB, courseLeaveTL, dayLeaveTL, addLeaveBt, studentNoteEt, studentMobileEt, courseIndexEt, courseNameEt, teacherNameEt, leaveStartDateEt, leaveEndDateEt, pager, indicator, mUserNo, mPassword, mRole, mLogin]
22:33:49.746 [pool-1-thread-2] DEBUG o.a.p.ModelValidator:62 - Validating with ClickHandler: [addLeaveItem(), loginBtClick()]
22:33:49.752 [pool-1-thread-2] DEBUG o.a.p.ModelValidator:62 - Validating with CheckedChangeHandler: [courseLeaveRBChanged(android.widget.CompoundButton,boolean), dayLeaveRBChanged(android.widget.CompoundButton,boolean)]
22:33:49.760 [pool-1-thread-2] DEBUG o.a.p.ModelValidator:62 - Validating with WindowFeatureHandler: [cn.njcit.view.MainActivity, cn.njcit.view.LoginActivity]
22:33:49.761 [pool-1-thread-2] DEBUG o.a.p.ModelValidator:62 - Validating with AfterViewsHandler: [initVIew(), initAdapter(), initAdapter(), initAdapter(), initAdapter()]
22:33:49.794 [pool-1-thread-2] INFO  o.a.p.ModelProcessor:69 - Processing root elements
22:33:49.795 [pool-1-thread-2] DEBUG o.a.p.ModelProcessor:160 - Processing root elements EActivityHandler: [cn.njcit.view.MainActivity, cn.njcit.view.LoginActivity]
22:33:49.861 [pool-1-thread-2] DEBUG o.a.p.ModelProcessor:160 - Processing root elements EFragmentHandler: [cn.njcit.view.fragements.FragmentStudentCheckNewCheckdLeaveFragment, cn.njcit.view.fragements.FragmentStudentCheckUnCheckdLeaveFragment, cn.njcit.view.fragements.FragmentStudentCheckTab, cn.njcit.view.fragements.FragmentAddLeaveTab, cn.njcit.view.fragements.FragmentStudentCheckHistoryCheckdLeaveFragment, cn.njcit.view.fragements.FragmentStudentSickLeavTab]
22:33:49.868 [pool-1-thread-2] INFO  o.a.p.ModelProcessor:77 - Processing enclosed elements
22:33:49.885 [pool-1-thread-2] INFO  o.a.AndroidAnnotationProcessor:250 - Number of files generated by AndroidAnnotations: 8
22:33:49.888 [pool-1-thread-2] INFO  o.a.g.ApiCodeGenerator:52 - Writting following API classes in project: []
22:33:49.892 [pool-1-thread-2] DEBUG o.a.g.SourceCodewriter:55 - Generating class: cn.njcit.view.LoginActivity_
22:33:49.932 [pool-1-thread-2] DEBUG o.a.g.SourceCodewriter:55 - Generating class: cn.njcit.view.MainActivity_
22:33:49.965 [pool-1-thread-2] DEBUG o.a.g.SourceCodewriter:55 - Generating class: cn.njcit.view.fragements.FragmentAddLeaveTab_
22:33:49.999 [pool-1-thread-2] DEBUG o.a.g.SourceCodewriter:55 - Generating class: cn.njcit.view.fragements.FragmentStudentCheckHistoryCheckdLeaveFragment_
22:33:50.17 [pool-1-thread-2] DEBUG o.a.g.SourceCodewriter:55 - Generating class: cn.njcit.view.fragements.FragmentStudentCheckNewCheckdLeaveFragment_
22:33:50.25 [pool-1-thread-2] DEBUG o.a.g.SourceCodewriter:55 - Generating class: cn.njcit.view.fragements.FragmentStudentCheckTab_
22:33:50.32 [pool-1-thread-2] DEBUG o.a.g.SourceCodewriter:55 - Generating class: cn.njcit.view.fragements.FragmentStudentCheckUnCheckdLeaveFragment_
22:33:50.41 [pool-1-thread-2] DEBUG o.a.g.SourceCodewriter:55 - Generating class: cn.njcit.view.fragements.FragmentStudentSickLeavTab_
22:33:50.48 [pool-1-thread-2] INFO  o.a.p.TimeStats:81 - Time measurements: [Whole Processing = 1058 ms], [Extract Annotations = 540 ms], [Generate Sources = 164 ms], [Process Annotations = 121 ms], [Validate Annotations = 84 ms], [Find R Classes = 61 ms], [Extract Manifest = 51 ms], 
22:33:50.53 [pool-1-thread-2] INFO  o.a.AndroidAnnotationProcessor:122 - Finish processing
22:42:21.877 [pool-1-thread-2] INFO  o.a.AndroidAnnotationProcessor:84 - Initialize AndroidAnnotations 3.2 with options {}
23:36:53.390 [pool-1-thread-2] INFO  o.a.AndroidAnnotationProcessor:84 - Initialize AndroidAnnotations 3.2 with options {}
23:48:04.177 [pool-1-thread-2] INFO  o.a.AndroidAnnotationProcessor:84 - Initialize AndroidAnnotations 3.2 with options {}
